<?xml version="1.0" encoding="UTF-8"?>
<!-- Generated by org.testng.reporters.JUnitReportReporter -->
<testsuite hostname="murali" name="aug.Calculator_Web" tests="2" failures="0" timestamp="9 Sep 2019 10:53:59 GMT" time="59.170" errors="0">
  <testcase name="verifyCalculation" time="28.147" classname="aug.Calculator_Web"/>
  <testcase name="verifyCalculation" time="31.023" classname="aug.Calculator_Web"/>
</testsuite> <!-- aug.Calculator_Web -->
