<?xml version="1.0" encoding="UTF-8"?>
<!-- Generated by org.testng.reporters.JUnitReportReporter -->
<testsuite skipped="0" hostname="murali" name="driverFactroy.AppTest" tests="1" failures="0" timestamp="09 Sep 2019 12:20:38 GMT" time="0.002" errors="0">
  <testcase name="kickStart" time="0.002" classname="driverFactroy.AppTest"/>
</testsuite> <!-- driverFactroy.AppTest -->
