<?xml version="1.0" encoding="UTF-8"?>
<!-- Generated by org.testng.reporters.JUnitReportReporter -->
<testsuite skipped="0" hostname="murali" name="driverFactroy.dataProvider" tests="5" failures="0" timestamp="09 Sep 2019 12:20:38 GMT" time="18.327" errors="0">
  <testcase name="VerifyLogin" time="3.176" classname="driverFactroy.dataProvider"/>
  <testcase name="VerifyLogin" time="6.882" classname="driverFactroy.dataProvider"/>
  <testcase name="VerifyLogin" time="2.408" classname="driverFactroy.dataProvider"/>
  <testcase name="VerifyLogin" time="2.733" classname="driverFactroy.dataProvider"/>
  <testcase name="VerifyLogin" time="3.128" classname="driverFactroy.dataProvider"/>
</testsuite> <!-- driverFactroy.dataProvider -->
